2025-07-26 03:01:29,324 - INFO - Starting Mosquitto MQTT Broker...
2025-07-26 03:01:29,352 - INFO - Starting Python MQTT Broker Server...
2025-07-26 03:01:31,504 - INFO - Starting Noise Data Processor...
2025-07-26 03:01:33,526 - INFO - Starting Fake Sensors (Testing)...
2025-07-26 03:01:35,565 - INFO - 
2025-07-26 03:01:35,622 - INFO - 
2025-07-26 03:01:35,639 - INFO -    Update mqttService.js to use: ws://localhost:9001
2025-07-26 03:01:35,641 - INFO - 
2025-07-26 03:16:15,694 - INFO - Stopping broker_server...
2025-07-26 03:16:15,702 - INFO - Stopping noise_processor...
2025-07-26 03:16:15,709 - INFO - Stopping fake_sensors...
2025-07-27 20:28:26,270 - INFO - Loading configuration from: D:\Documents\GitHub\Noise-mapping\config.ini
2025-07-27 20:28:26,275 - INFO - ✅ Configuration loaded successfully
2025-07-27 20:28:26,276 - INFO - 📋 Current Configuration:
2025-07-27 20:28:26,276 - INFO -    Pi IP: 172.20.10.2
2025-07-27 20:28:26,276 - INFO -    Local IP: localhost
2025-07-27 20:28:26,277 - INFO -    MQTT Port: 1883
2025-07-27 20:28:26,277 - INFO -    WebSocket Port: 9001
2025-07-27 20:28:26,277 - INFO -    Local Mode: False
2025-07-27 20:28:26,277 - INFO -    Fake ESP32 Devices: 5
2025-07-27 20:28:26,278 - INFO -    Publish Interval: 3s
2025-07-27 20:29:38,677 - INFO - Loading configuration from: D:\Documents\GitHub\Noise-mapping\config.ini
2025-07-27 20:29:38,679 - INFO - ✅ Configuration loaded successfully
2025-07-27 20:29:38,679 - INFO - 📋 Current Configuration:
2025-07-27 20:29:38,680 - INFO -    Pi IP: 172.20.10.2
2025-07-27 20:29:38,680 - INFO -    Local IP: localhost
2025-07-27 20:29:38,680 - INFO -    MQTT Port: 1883
2025-07-27 20:29:38,680 - INFO -    WebSocket Port: 9001
2025-07-27 20:29:38,681 - INFO -    Local Mode: False
2025-07-27 20:29:38,681 - INFO -    Fake ESP32 Devices: 5
2025-07-27 20:29:38,682 - INFO -    Publish Interval: 3s
2025-07-27 20:29:50,645 - INFO - Loading configuration from: D:\Documents\GitHub\Noise-mapping\config.ini
2025-07-27 20:29:50,647 - INFO - ✅ Configuration loaded successfully
2025-07-27 20:29:50,647 - INFO - 📋 Current Configuration:
2025-07-27 20:29:50,648 - INFO -    Pi IP: 172.20.10.2
2025-07-27 20:29:50,648 - INFO -    Local IP: localhost
2025-07-27 20:29:50,648 - INFO -    MQTT Port: 1883
2025-07-27 20:29:50,649 - INFO -    WebSocket Port: 9001
2025-07-27 20:29:50,649 - INFO -    Local Mode: False
2025-07-27 20:29:50,649 - INFO -    Fake ESP32 Devices: 5
2025-07-27 20:29:50,650 - INFO -    Publish Interval: 3s
